<?xml version="1.0" encoding="UTF-8"?>
<!-- Generated by org.testng.reporters.JUnitReportReporter -->
<testsuite hostname="Narender-PC" name="com.testing.Test1" tests="1" failures="0" timestamp="8 Mar 2016 12:50:31 GMT" time="10.044" errors="0">
  <testcase name="launchapp" time="10.044" classname="com.testing.Test1"/>
</testsuite> <!-- com.testing.Test1 -->
