<?xml version="1.0" encoding="UTF-8"?>
<!-- Generated by org.testng.reporters.JUnitReportReporter -->
<testsuite hostname="Narender-PC" name="com.testing.Test2" tests="1" failures="0" timestamp="9 Mar 2016 12:44:30 GMT" time="9.080" errors="0">
  <testcase name="test2" time="9.080" classname="com.testing.Test2"/>
</testsuite> <!-- com.testing.Test2 -->
