<?xml version="1.0" encoding="UTF-8"?>
<!-- Generated by org.testng.reporters.JUnitReportReporter -->
<testsuite hostname="Narender-PC" name="com.testing.AppTest" tests="1" failures="0" timestamp="9 Mar 2016 12:44:30 GMT" time="0.009" errors="0">
  <testcase name="testApp" time="0.009" classname="com.testing.AppTest"/>
</testsuite> <!-- com.testing.AppTest -->
